2025-06-17 18:05:52,829 - core_config - INFO - <module>:47 - Директория создана/проверена: /Users/victorkhudyakov/nn/3DDFA2/data
2025-06-17 18:05:52,829 - core_config - INFO - <module>:47 - Директория создана/проверена: /Users/victorkhudyakov/nn/3DDFA2/models
2025-06-17 18:05:52,829 - core_config - INFO - <module>:47 - Директория создана/проверена: /Users/victorkhudyakov/nn/3DDFA2/results
2025-06-17 18:05:52,829 - core_config - INFO - <module>:47 - Директория создана/проверена: /Users/victorkhudyakov/nn/3DDFA2/configs
2025-06-17 18:05:52,829 - core_config - INFO - <module>:47 - Директория создана/проверена: /Users/victorkhudyakov/nn/3DDFA2/cache
2025-06-17 18:05:52,829 - core_config - INFO - <module>:47 - Директория создана/проверена: /Users/victorkhudyakov/nn/3DDFA2/logs
2025-06-17 18:05:52,829 - core_config - INFO - <module>:47 - Директория создана/проверена: /Users/victorkhudyakov/nn/3DDFA2/templates
2025-06-17 18:05:52,829 - core_config - INFO - <module>:47 - Директория создана/проверена: /Users/victorkhudyakov/nn/3DDFA2/weights
2025-06-17 18:05:52,829 - core_config - INFO - <module>:72 - Веса аутентичности валидны, сумма: 1.0
2025-06-17 18:05:52,829 - core_config - INFO - <module>:137 - Breakthrough years для технологий масок: [2008, 2014, 2019, 2022]
2025-06-17 18:05:52,830 - core_config - INFO - initialize_config:599 - Инициализация CoreConfig
2025-06-17 18:05:52,830 - core_config - INFO - validate_configuration:375 - Начало валидации конфигурации
2025-06-17 18:05:52,830 - core_config - INFO - get_identity_signature_metrics:325 - Получение метрик идентичности
2025-06-17 18:05:52,830 - core_config - INFO - get_identity_signature_metrics:347 - Загружено 15 метрик идентичности
2025-06-17 18:05:52,830 - core_config - INFO - get_chronological_analysis_parameters:362 - Получение параметров хронологического анализа
2025-06-17 18:05:52,830 - core_config - INFO - validate_configuration:438 - Валидация конфигурации успешно завершена
2025-06-17 18:05:52,830 - core_config - INFO - save_configuration_snapshot:559 - Сохранение снимка конфигурации
2025-06-17 18:05:52,830 - core_config - INFO - save_configuration_snapshot:589 - Снимок конфигурации сохранен: /Users/victorkhudyakov/nn/3DDFA2/configs/config_snapshot_2025-06-17T18-05-52.830465.json
2025-06-17 18:05:52,830 - core_config - INFO - initialize_config:609 - Снимок конфигурации сохранен: /Users/victorkhudyakov/nn/3DDFA2/configs/config_snapshot_2025-06-17T18-05-52.830465.json
2025-06-17 18:05:52,830 - core_config - INFO - initialize_config:611 - CoreConfig успешно инициализирован
2025-06-17 18:05:52,836 - face_3d_analyzer - INFO - <module>:53 - 3DDFA компоненты успешно импортированы
2025-06-17 18:06:12,255 - core_config - INFO - <module>:47 - Директория создана/проверена: /Users/victorkhudyakov/nn/3DDFA2/data
2025-06-17 18:06:12,255 - core_config - INFO - <module>:47 - Директория создана/проверена: /Users/victorkhudyakov/nn/3DDFA2/models
2025-06-17 18:06:12,255 - core_config - INFO - <module>:47 - Директория создана/проверена: /Users/victorkhudyakov/nn/3DDFA2/results
2025-06-17 18:06:12,255 - core_config - INFO - <module>:47 - Директория создана/проверена: /Users/victorkhudyakov/nn/3DDFA2/configs
2025-06-17 18:06:12,255 - core_config - INFO - <module>:47 - Директория создана/проверена: /Users/victorkhudyakov/nn/3DDFA2/cache
2025-06-17 18:06:12,255 - core_config - INFO - <module>:47 - Директория создана/проверена: /Users/victorkhudyakov/nn/3DDFA2/logs
2025-06-17 18:06:12,255 - core_config - INFO - <module>:47 - Директория создана/проверена: /Users/victorkhudyakov/nn/3DDFA2/templates
2025-06-17 18:06:12,255 - core_config - INFO - <module>:47 - Директория создана/проверена: /Users/victorkhudyakov/nn/3DDFA2/weights
2025-06-17 18:06:12,255 - core_config - INFO - <module>:72 - Веса аутентичности валидны, сумма: 1.0
2025-06-17 18:06:12,255 - core_config - INFO - <module>:137 - Breakthrough years для технологий масок: [2008, 2014, 2019, 2022]
2025-06-17 18:06:12,255 - core_config - INFO - initialize_config:599 - Инициализация CoreConfig
2025-06-17 18:06:12,255 - core_config - INFO - validate_configuration:375 - Начало валидации конфигурации
2025-06-17 18:06:12,255 - core_config - INFO - get_identity_signature_metrics:325 - Получение метрик идентичности
2025-06-17 18:06:12,256 - core_config - INFO - get_identity_signature_metrics:347 - Загружено 15 метрик идентичности
2025-06-17 18:06:12,256 - core_config - INFO - get_chronological_analysis_parameters:362 - Получение параметров хронологического анализа
2025-06-17 18:06:12,256 - core_config - INFO - validate_configuration:438 - Валидация конфигурации успешно завершена
2025-06-17 18:06:12,256 - core_config - INFO - save_configuration_snapshot:559 - Сохранение снимка конфигурации
2025-06-17 18:06:12,256 - core_config - INFO - save_configuration_snapshot:589 - Снимок конфигурации сохранен: /Users/victorkhudyakov/nn/3DDFA2/configs/config_snapshot_2025-06-17T18-06-12.256117.json
2025-06-17 18:06:12,256 - core_config - INFO - initialize_config:609 - Снимок конфигурации сохранен: /Users/victorkhudyakov/nn/3DDFA2/configs/config_snapshot_2025-06-17T18-06-12.256117.json
2025-06-17 18:06:12,256 - core_config - INFO - initialize_config:611 - CoreConfig успешно инициализирован
2025-06-17 18:06:12,259 - face_3d_analyzer - INFO - <module>:53 - 3DDFA компоненты успешно импортированы
2025-06-17 18:06:27,362 - core_config - INFO - <module>:47 - Директория создана/проверена: /Users/victorkhudyakov/nn/3DDFA2/data
2025-06-17 18:06:27,362 - core_config - INFO - <module>:47 - Директория создана/проверена: /Users/victorkhudyakov/nn/3DDFA2/models
2025-06-17 18:06:27,362 - core_config - INFO - <module>:47 - Директория создана/проверена: /Users/victorkhudyakov/nn/3DDFA2/results
2025-06-17 18:06:27,362 - core_config - INFO - <module>:47 - Директория создана/проверена: /Users/victorkhudyakov/nn/3DDFA2/configs
2025-06-17 18:06:27,362 - core_config - INFO - <module>:47 - Директория создана/проверена: /Users/victorkhudyakov/nn/3DDFA2/cache
2025-06-17 18:06:27,362 - core_config - INFO - <module>:47 - Директория создана/проверена: /Users/victorkhudyakov/nn/3DDFA2/logs
2025-06-17 18:06:27,362 - core_config - INFO - <module>:47 - Директория создана/проверена: /Users/victorkhudyakov/nn/3DDFA2/templates
2025-06-17 18:06:27,362 - core_config - INFO - <module>:47 - Директория создана/проверена: /Users/victorkhudyakov/nn/3DDFA2/weights
2025-06-17 18:06:27,362 - core_config - INFO - <module>:72 - Веса аутентичности валидны, сумма: 1.0
2025-06-17 18:06:27,362 - core_config - INFO - <module>:137 - Breakthrough years для технологий масок: [2008, 2014, 2019, 2022]
2025-06-17 18:06:27,363 - core_config - INFO - initialize_config:599 - Инициализация CoreConfig
2025-06-17 18:06:27,363 - core_config - INFO - validate_configuration:375 - Начало валидации конфигурации
2025-06-17 18:06:27,363 - core_config - INFO - get_identity_signature_metrics:325 - Получение метрик идентичности
2025-06-17 18:06:27,363 - core_config - INFO - get_identity_signature_metrics:347 - Загружено 15 метрик идентичности
2025-06-17 18:06:27,363 - core_config - INFO - get_chronological_analysis_parameters:362 - Получение параметров хронологического анализа
2025-06-17 18:06:27,363 - core_config - INFO - validate_configuration:438 - Валидация конфигурации успешно завершена
2025-06-17 18:06:27,363 - core_config - INFO - save_configuration_snapshot:559 - Сохранение снимка конфигурации
2025-06-17 18:06:27,364 - core_config - INFO - save_configuration_snapshot:589 - Снимок конфигурации сохранен: /Users/victorkhudyakov/nn/3DDFA2/configs/config_snapshot_2025-06-17T18-06-27.363793.json
2025-06-17 18:06:27,364 - core_config - INFO - initialize_config:609 - Снимок конфигурации сохранен: /Users/victorkhudyakov/nn/3DDFA2/configs/config_snapshot_2025-06-17T18-06-27.363793.json
2025-06-17 18:06:27,364 - core_config - INFO - initialize_config:611 - CoreConfig успешно инициализирован
2025-06-17 18:06:27,367 - face_3d_analyzer - INFO - <module>:53 - 3DDFA компоненты успешно импортированы
2025-06-17 18:06:27,865 - embedding_analyzer - INFO - <module>:39 - InsightFace успешно импортирован
2025-06-17 18:06:27,865 - embedding_analyzer - INFO - <module>:52 - Конфигурация успешно импортирована
2025-06-17 18:06:40,400 - core_config - INFO - <module>:47 - Директория создана/проверена: /Users/victorkhudyakov/nn/3DDFA2/data
2025-06-17 18:06:40,400 - core_config - INFO - <module>:47 - Директория создана/проверена: /Users/victorkhudyakov/nn/3DDFA2/models
2025-06-17 18:06:40,400 - core_config - INFO - <module>:47 - Директория создана/проверена: /Users/victorkhudyakov/nn/3DDFA2/results
2025-06-17 18:06:40,400 - core_config - INFO - <module>:47 - Директория создана/проверена: /Users/victorkhudyakov/nn/3DDFA2/configs
2025-06-17 18:06:40,400 - core_config - INFO - <module>:47 - Директория создана/проверена: /Users/victorkhudyakov/nn/3DDFA2/cache
2025-06-17 18:06:40,401 - core_config - INFO - <module>:47 - Директория создана/проверена: /Users/victorkhudyakov/nn/3DDFA2/logs
2025-06-17 18:06:40,401 - core_config - INFO - <module>:47 - Директория создана/проверена: /Users/victorkhudyakov/nn/3DDFA2/templates
2025-06-17 18:06:40,401 - core_config - INFO - <module>:47 - Директория создана/проверена: /Users/victorkhudyakov/nn/3DDFA2/weights
2025-06-17 18:06:40,401 - core_config - INFO - <module>:72 - Веса аутентичности валидны, сумма: 1.0
2025-06-17 18:06:40,401 - core_config - INFO - <module>:137 - Breakthrough years для технологий масок: [2008, 2014, 2019, 2022]
2025-06-17 18:06:40,401 - core_config - INFO - initialize_config:599 - Инициализация CoreConfig
2025-06-17 18:06:40,401 - core_config - INFO - validate_configuration:375 - Начало валидации конфигурации
2025-06-17 18:06:40,401 - core_config - INFO - get_identity_signature_metrics:325 - Получение метрик идентичности
2025-06-17 18:06:40,401 - core_config - INFO - get_identity_signature_metrics:347 - Загружено 15 метрик идентичности
2025-06-17 18:06:40,401 - core_config - INFO - get_chronological_analysis_parameters:362 - Получение параметров хронологического анализа
2025-06-17 18:06:40,401 - core_config - INFO - validate_configuration:438 - Валидация конфигурации успешно завершена
2025-06-17 18:06:40,401 - core_config - INFO - save_configuration_snapshot:559 - Сохранение снимка конфигурации
2025-06-17 18:06:40,402 - core_config - INFO - save_configuration_snapshot:589 - Снимок конфигурации сохранен: /Users/victorkhudyakov/nn/3DDFA2/configs/config_snapshot_2025-06-17T18-06-40.401777.json
2025-06-17 18:06:40,402 - core_config - INFO - initialize_config:609 - Снимок конфигурации сохранен: /Users/victorkhudyakov/nn/3DDFA2/configs/config_snapshot_2025-06-17T18-06-40.401777.json
2025-06-17 18:06:40,402 - core_config - INFO - initialize_config:611 - CoreConfig успешно инициализирован
2025-06-17 18:06:40,404 - face_3d_analyzer - INFO - <module>:53 - 3DDFA компоненты успешно импортированы
2025-06-17 18:06:40,778 - embedding_analyzer - INFO - <module>:39 - InsightFace успешно импортирован
2025-06-17 18:06:40,778 - embedding_analyzer - INFO - <module>:52 - Конфигурация успешно импортирована
2025-06-17 18:06:40,787 - face_3d_analyzer - INFO - __init__:211 - Инициализация Face3DAnalyzer
2025-06-17 18:06:40,788 - face_3d_analyzer - WARNING - __init__:225 - TDDFA модель не предоставлена, референсная модель не будет загружена.
2025-06-17 18:06:40,788 - core_config - INFO - get_view_configs:320 - Получение конфигураций видов
2025-06-17 18:06:40,788 - core_config - INFO - get_identity_signature_metrics:325 - Получение метрик идентичности
2025-06-17 18:06:40,788 - core_config - INFO - get_identity_signature_metrics:347 - Загружено 15 метрик идентичности
2025-06-17 18:06:40,788 - face_3d_analyzer - INFO - __init__:242 - Face3DAnalyzer инициализирован
2025-06-17 18:06:40,788 - embedding_analyzer - INFO - __init__:80 - Инициализация EmbeddingAnalyzer
2025-06-17 18:06:40,788 - embedding_analyzer - INFO - initialize_insightface_model:119 - Начало инициализации InsightFace Buffalo-L
2025-06-17 18:07:21,323 - embedding_analyzer - INFO - initialize_insightface_model:131 - InsightFace Buffalo-L успешно инициализирован
2025-06-17 18:07:21,324 - embedding_analyzer - INFO - __init__:103 - EmbeddingAnalyzer инициализирован
2025-06-17 18:07:21,324 - face_3d_analyzer - ERROR - extract_68_landmarks_with_confidence:352 - [extract_68_landmarks] Ошибка извлечения ландмарок: 'NoneType' object is not callable
2025-06-17 18:07:40,532 - core_config - INFO - <module>:47 - Директория создана/проверена: /Users/victorkhudyakov/nn/3DDFA2/data
2025-06-17 18:07:40,532 - core_config - INFO - <module>:47 - Директория создана/проверена: /Users/victorkhudyakov/nn/3DDFA2/models
2025-06-17 18:07:40,532 - core_config - INFO - <module>:47 - Директория создана/проверена: /Users/victorkhudyakov/nn/3DDFA2/results
2025-06-17 18:07:40,532 - core_config - INFO - <module>:47 - Директория создана/проверена: /Users/victorkhudyakov/nn/3DDFA2/configs
2025-06-17 18:07:40,532 - core_config - INFO - <module>:47 - Директория создана/проверена: /Users/victorkhudyakov/nn/3DDFA2/cache
2025-06-17 18:07:40,532 - core_config - INFO - <module>:47 - Директория создана/проверена: /Users/victorkhudyakov/nn/3DDFA2/logs
2025-06-17 18:07:40,532 - core_config - INFO - <module>:47 - Директория создана/проверена: /Users/victorkhudyakov/nn/3DDFA2/templates
2025-06-17 18:07:40,532 - core_config - INFO - <module>:47 - Директория создана/проверена: /Users/victorkhudyakov/nn/3DDFA2/weights
2025-06-17 18:07:40,532 - core_config - INFO - <module>:72 - Веса аутентичности валидны, сумма: 1.0
2025-06-17 18:07:40,532 - core_config - INFO - <module>:137 - Breakthrough years для технологий масок: [2008, 2014, 2019, 2022]
2025-06-17 18:07:40,533 - core_config - INFO - initialize_config:599 - Инициализация CoreConfig
2025-06-17 18:07:40,533 - core_config - INFO - validate_configuration:375 - Начало валидации конфигурации
2025-06-17 18:07:40,533 - core_config - INFO - get_identity_signature_metrics:325 - Получение метрик идентичности
2025-06-17 18:07:40,533 - core_config - INFO - get_identity_signature_metrics:347 - Загружено 15 метрик идентичности
2025-06-17 18:07:40,533 - core_config - INFO - get_chronological_analysis_parameters:362 - Получение параметров хронологического анализа
2025-06-17 18:07:40,533 - core_config - INFO - validate_configuration:438 - Валидация конфигурации успешно завершена
2025-06-17 18:07:40,533 - core_config - INFO - save_configuration_snapshot:559 - Сохранение снимка конфигурации
2025-06-17 18:07:40,533 - core_config - INFO - save_configuration_snapshot:589 - Снимок конфигурации сохранен: /Users/victorkhudyakov/nn/3DDFA2/configs/config_snapshot_2025-06-17T18-07-40.533203.json
2025-06-17 18:07:40,533 - core_config - INFO - initialize_config:609 - Снимок конфигурации сохранен: /Users/victorkhudyakov/nn/3DDFA2/configs/config_snapshot_2025-06-17T18-07-40.533203.json
2025-06-17 18:07:40,533 - core_config - INFO - initialize_config:611 - CoreConfig успешно инициализирован
2025-06-17 18:07:40,536 - face_3d_analyzer - INFO - <module>:53 - 3DDFA компоненты успешно импортированы
2025-06-17 18:07:40,952 - embedding_analyzer - INFO - <module>:39 - InsightFace успешно импортирован
2025-06-17 18:07:40,952 - embedding_analyzer - INFO - <module>:52 - Конфигурация успешно импортирована
2025-06-17 18:07:40,957 - face_3d_analyzer - ERROR - initialize_3ddfa_components:67 - GPU (CUDA) не обнаружено. 3DDFA требует GPU для работы.
2025-06-17 18:07:40,957 - face_3d_analyzer - INFO - __init__:211 - Инициализация Face3DAnalyzer
2025-06-17 18:07:40,957 - face_3d_analyzer - WARNING - __init__:225 - TDDFA модель не предоставлена, референсная модель не будет загружена.
2025-06-17 18:07:40,957 - core_config - INFO - get_view_configs:320 - Получение конфигураций видов
2025-06-17 18:07:40,957 - core_config - INFO - get_identity_signature_metrics:325 - Получение метрик идентичности
2025-06-17 18:07:40,957 - core_config - INFO - get_identity_signature_metrics:347 - Загружено 15 метрик идентичности
2025-06-17 18:07:40,957 - face_3d_analyzer - INFO - __init__:242 - Face3DAnalyzer инициализирован
2025-06-17 18:07:40,957 - embedding_analyzer - INFO - __init__:80 - Инициализация EmbeddingAnalyzer
2025-06-17 18:07:40,957 - embedding_analyzer - INFO - initialize_insightface_model:119 - Начало инициализации InsightFace Buffalo-L
2025-06-17 18:07:55,476 - core_config - INFO - <module>:47 - Директория создана/проверена: /Users/victorkhudyakov/nn/3DDFA2/data
2025-06-17 18:07:55,476 - core_config - INFO - <module>:47 - Директория создана/проверена: /Users/victorkhudyakov/nn/3DDFA2/models
2025-06-17 18:07:55,476 - core_config - INFO - <module>:47 - Директория создана/проверена: /Users/victorkhudyakov/nn/3DDFA2/results
2025-06-17 18:07:55,476 - core_config - INFO - <module>:47 - Директория создана/проверена: /Users/victorkhudyakov/nn/3DDFA2/configs
2025-06-17 18:07:55,476 - core_config - INFO - <module>:47 - Директория создана/проверена: /Users/victorkhudyakov/nn/3DDFA2/cache
2025-06-17 18:07:55,476 - core_config - INFO - <module>:47 - Директория создана/проверена: /Users/victorkhudyakov/nn/3DDFA2/logs
2025-06-17 18:07:55,476 - core_config - INFO - <module>:47 - Директория создана/проверена: /Users/victorkhudyakov/nn/3DDFA2/templates
2025-06-17 18:07:55,476 - core_config - INFO - <module>:47 - Директория создана/проверена: /Users/victorkhudyakov/nn/3DDFA2/weights
2025-06-17 18:07:55,476 - core_config - INFO - <module>:72 - Веса аутентичности валидны, сумма: 1.0
2025-06-17 18:07:55,476 - core_config - INFO - <module>:137 - Breakthrough years для технологий масок: [2008, 2014, 2019, 2022]
2025-06-17 18:07:55,477 - core_config - INFO - initialize_config:599 - Инициализация CoreConfig
2025-06-17 18:07:55,477 - core_config - INFO - validate_configuration:375 - Начало валидации конфигурации
2025-06-17 18:07:55,477 - core_config - INFO - get_identity_signature_metrics:325 - Получение метрик идентичности
2025-06-17 18:07:55,477 - core_config - INFO - get_identity_signature_metrics:347 - Загружено 15 метрик идентичности
2025-06-17 18:07:55,477 - core_config - INFO - get_chronological_analysis_parameters:362 - Получение параметров хронологического анализа
2025-06-17 18:07:55,477 - core_config - INFO - validate_configuration:438 - Валидация конфигурации успешно завершена
2025-06-17 18:07:55,477 - core_config - INFO - save_configuration_snapshot:559 - Сохранение снимка конфигурации
2025-06-17 18:07:55,478 - core_config - INFO - save_configuration_snapshot:589 - Снимок конфигурации сохранен: /Users/victorkhudyakov/nn/3DDFA2/configs/config_snapshot_2025-06-17T18-07-55.477807.json
2025-06-17 18:07:55,478 - core_config - INFO - initialize_config:609 - Снимок конфигурации сохранен: /Users/victorkhudyakov/nn/3DDFA2/configs/config_snapshot_2025-06-17T18-07-55.477807.json
2025-06-17 18:07:55,478 - core_config - INFO - initialize_config:611 - CoreConfig успешно инициализирован
2025-06-17 18:07:55,482 - face_3d_analyzer - INFO - <module>:53 - 3DDFA компоненты успешно импортированы
2025-06-17 18:07:55,883 - embedding_analyzer - INFO - <module>:39 - InsightFace успешно импортирован
2025-06-17 18:07:55,884 - embedding_analyzer - INFO - <module>:52 - Конфигурация успешно импортирована
2025-06-17 18:07:55,887 - face_3d_analyzer - ERROR - initialize_3ddfa_components:67 - GPU (CUDA) не обнаружено. 3DDFA требует GPU для работы.
2025-06-17 18:07:55,887 - face_3d_analyzer - INFO - __init__:211 - Инициализация Face3DAnalyzer
2025-06-17 18:07:55,887 - face_3d_analyzer - WARNING - __init__:225 - TDDFA модель не предоставлена, референсная модель не будет загружена.
2025-06-17 18:07:55,887 - core_config - INFO - get_view_configs:320 - Получение конфигураций видов
2025-06-17 18:07:55,887 - core_config - INFO - get_identity_signature_metrics:325 - Получение метрик идентичности
2025-06-17 18:07:55,887 - core_config - INFO - get_identity_signature_metrics:347 - Загружено 15 метрик идентичности
2025-06-17 18:07:55,888 - face_3d_analyzer - INFO - __init__:242 - Face3DAnalyzer инициализирован
2025-06-17 18:07:55,888 - embedding_analyzer - INFO - __init__:80 - Инициализация EmbeddingAnalyzer
2025-06-17 18:07:55,888 - embedding_analyzer - INFO - initialize_insightface_model:119 - Начало инициализации InsightFace Buffalo-L
2025-06-17 18:08:21,747 - embedding_analyzer - INFO - initialize_insightface_model:131 - InsightFace Buffalo-L успешно инициализирован
2025-06-17 18:08:21,747 - embedding_analyzer - INFO - __init__:103 - EmbeddingAnalyzer инициализирован
2025-06-17 18:08:36,963 - embedding_analyzer - INFO - initialize_insightface_model:131 - InsightFace Buffalo-L успешно инициализирован
2025-06-17 18:08:36,963 - embedding_analyzer - INFO - __init__:103 - EmbeddingAnalyzer инициализирован
2025-06-17 18:08:39,296 - core_config - INFO - <module>:47 - Директория создана/проверена: /Users/victorkhudyakov/nn/3DDFA2/data
2025-06-17 18:08:39,296 - core_config - INFO - <module>:47 - Директория создана/проверена: /Users/victorkhudyakov/nn/3DDFA2/models
2025-06-17 18:08:39,296 - core_config - INFO - <module>:47 - Директория создана/проверена: /Users/victorkhudyakov/nn/3DDFA2/results
2025-06-17 18:08:39,296 - core_config - INFO - <module>:47 - Директория создана/проверена: /Users/victorkhudyakov/nn/3DDFA2/configs
2025-06-17 18:08:39,296 - core_config - INFO - <module>:47 - Директория создана/проверена: /Users/victorkhudyakov/nn/3DDFA2/cache
2025-06-17 18:08:39,296 - core_config - INFO - <module>:47 - Директория создана/проверена: /Users/victorkhudyakov/nn/3DDFA2/logs
2025-06-17 18:08:39,296 - core_config - INFO - <module>:47 - Директория создана/проверена: /Users/victorkhudyakov/nn/3DDFA2/templates
2025-06-17 18:08:39,296 - core_config - INFO - <module>:47 - Директория создана/проверена: /Users/victorkhudyakov/nn/3DDFA2/weights
2025-06-17 18:08:39,296 - core_config - INFO - <module>:72 - Веса аутентичности валидны, сумма: 1.0
2025-06-17 18:08:39,296 - core_config - INFO - <module>:137 - Breakthrough years для технологий масок: [2008, 2014, 2019, 2022]
2025-06-17 18:08:39,297 - core_config - INFO - initialize_config:599 - Инициализация CoreConfig
2025-06-17 18:08:39,297 - core_config - INFO - validate_configuration:375 - Начало валидации конфигурации
2025-06-17 18:08:39,297 - core_config - INFO - get_identity_signature_metrics:325 - Получение метрик идентичности
2025-06-17 18:08:39,297 - core_config - INFO - get_identity_signature_metrics:347 - Загружено 15 метрик идентичности
2025-06-17 18:08:39,297 - core_config - INFO - get_chronological_analysis_parameters:362 - Получение параметров хронологического анализа
2025-06-17 18:08:39,297 - core_config - INFO - validate_configuration:438 - Валидация конфигурации успешно завершена
2025-06-17 18:08:39,297 - core_config - INFO - save_configuration_snapshot:559 - Сохранение снимка конфигурации
2025-06-17 18:08:39,297 - core_config - INFO - save_configuration_snapshot:589 - Снимок конфигурации сохранен: /Users/victorkhudyakov/nn/3DDFA2/configs/config_snapshot_2025-06-17T18-08-39.297389.json
2025-06-17 18:08:39,297 - core_config - INFO - initialize_config:609 - Снимок конфигурации сохранен: /Users/victorkhudyakov/nn/3DDFA2/configs/config_snapshot_2025-06-17T18-08-39.297389.json
2025-06-17 18:08:39,297 - core_config - INFO - initialize_config:611 - CoreConfig успешно инициализирован
2025-06-17 18:08:39,300 - face_3d_analyzer - INFO - <module>:53 - 3DDFA компоненты успешно импортированы
2025-06-17 18:08:39,727 - embedding_analyzer - INFO - <module>:39 - InsightFace успешно импортирован
2025-06-17 18:08:39,727 - embedding_analyzer - INFO - <module>:52 - Конфигурация успешно импортирована
2025-06-17 18:08:39,731 - face_3d_analyzer - INFO - initialize_3ddfa_components:71 - Начало инициализации 3DDFA компонентов
2025-06-17 18:08:39,741 - face_3d_analyzer - INFO - initialize_3ddfa_components:75 - FaceBoxes инициализирован
2025-06-17 18:08:39,781 - face_3d_analyzer - INFO - initialize_3ddfa_components:88 - TDDFA (PyTorch) инициализирован
2025-06-17 18:08:39,781 - face_3d_analyzer - INFO - initialize_3ddfa_components:90 - 3DDFA компоненты успешно инициализированы
2025-06-17 18:08:39,781 - face_3d_analyzer - INFO - __init__:211 - Инициализация Face3DAnalyzer
2025-06-17 18:08:39,781 - face_3d_analyzer - WARNING - _load_reference_model:263 - TDDFA модель не инициализирована или не содержит BFM для загрузки референсной модели.
2025-06-17 18:08:39,781 - core_config - INFO - get_view_configs:320 - Получение конфигураций видов
2025-06-17 18:08:39,781 - core_config - INFO - get_identity_signature_metrics:325 - Получение метрик идентичности
2025-06-17 18:08:39,781 - core_config - INFO - get_identity_signature_metrics:347 - Загружено 15 метрик идентичности
2025-06-17 18:08:39,781 - face_3d_analyzer - INFO - __init__:242 - Face3DAnalyzer инициализирован
2025-06-17 18:08:39,781 - embedding_analyzer - INFO - __init__:80 - Инициализация EmbeddingAnalyzer
2025-06-17 18:08:39,781 - embedding_analyzer - INFO - initialize_insightface_model:119 - Начало инициализации InsightFace Buffalo-L
2025-06-17 18:09:20,095 - embedding_analyzer - INFO - initialize_insightface_model:131 - InsightFace Buffalo-L успешно инициализирован
2025-06-17 18:09:20,096 - embedding_analyzer - INFO - __init__:103 - EmbeddingAnalyzer инициализирован
2025-06-17 18:09:20,158 - face_3d_analyzer - INFO - extract_68_landmarks_with_confidence:348 - Успешно извлечены 68 ландмарок. Достоверность: 0.95
2025-06-17 18:09:20,158 - embedding_analyzer - INFO - extract_512d_face_embedding:157 - Извлечение 512D эмбеддинга из изображения (800, 800, 3)
2025-06-17 18:09:20,245 - embedding_analyzer - WARNING - extract_512d_face_embedding:182 - InsightFace не обнаружил лица в изображении
2025-06-17 18:42:04,821 - core_config - INFO - <module>:47 - Директория создана/проверена: /Users/victorkhudyakov/nn/3DDFA2/data
2025-06-17 18:42:04,821 - core_config - INFO - <module>:47 - Директория создана/проверена: /Users/victorkhudyakov/nn/3DDFA2/models
2025-06-17 18:42:04,821 - core_config - INFO - <module>:47 - Директория создана/проверена: /Users/victorkhudyakov/nn/3DDFA2/results
2025-06-17 18:42:04,821 - core_config - INFO - <module>:47 - Директория создана/проверена: /Users/victorkhudyakov/nn/3DDFA2/configs
2025-06-17 18:42:04,821 - core_config - INFO - <module>:47 - Директория создана/проверена: /Users/victorkhudyakov/nn/3DDFA2/cache
2025-06-17 18:42:04,821 - core_config - INFO - <module>:47 - Директория создана/проверена: /Users/victorkhudyakov/nn/3DDFA2/logs
2025-06-17 18:42:04,821 - core_config - INFO - <module>:47 - Директория создана/проверена: /Users/victorkhudyakov/nn/3DDFA2/templates
2025-06-17 18:42:04,821 - core_config - INFO - <module>:47 - Директория создана/проверена: /Users/victorkhudyakov/nn/3DDFA2/weights
2025-06-17 18:42:04,821 - core_config - INFO - <module>:72 - Веса аутентичности валидны, сумма: 1.0
2025-06-17 18:42:04,821 - core_config - INFO - <module>:137 - Breakthrough years для технологий масок: [2008, 2014, 2019, 2022]
2025-06-17 18:42:04,822 - core_config - INFO - initialize_config:599 - Инициализация CoreConfig
2025-06-17 18:42:04,822 - core_config - INFO - validate_configuration:375 - Начало валидации конфигурации
2025-06-17 18:42:04,822 - core_config - INFO - get_identity_signature_metrics:325 - Получение метрик идентичности
2025-06-17 18:42:04,822 - core_config - INFO - get_identity_signature_metrics:347 - Загружено 15 метрик идентичности
2025-06-17 18:42:04,822 - core_config - INFO - get_chronological_analysis_parameters:362 - Получение параметров хронологического анализа
2025-06-17 18:42:04,822 - core_config - INFO - validate_configuration:438 - Валидация конфигурации успешно завершена
2025-06-17 18:42:04,822 - core_config - INFO - save_configuration_snapshot:559 - Сохранение снимка конфигурации
2025-06-17 18:42:04,822 - core_config - INFO - save_configuration_snapshot:589 - Снимок конфигурации сохранен: /Users/victorkhudyakov/nn/3DDFA2/configs/config_snapshot_2025-06-17T18-42-04.822399.json
2025-06-17 18:42:04,822 - core_config - INFO - initialize_config:609 - Снимок конфигурации сохранен: /Users/victorkhudyakov/nn/3DDFA2/configs/config_snapshot_2025-06-17T18-42-04.822399.json
2025-06-17 18:42:04,822 - core_config - INFO - initialize_config:611 - CoreConfig успешно инициализирован
2025-06-17 18:42:04,825 - face_3d_analyzer - INFO - <module>:53 - 3DDFA компоненты успешно импортированы
2025-06-17 18:42:05,333 - embedding_analyzer - INFO - <module>:41 - InsightFace успешно импортирован
2025-06-17 18:42:05,333 - embedding_analyzer - INFO - <module>:54 - Конфигурация успешно импортирована
2025-06-17 18:42:05,340 - face_3d_analyzer - INFO - initialize_3ddfa_components:71 - Начало инициализации 3DDFA компонентов
2025-06-17 18:42:05,379 - face_3d_analyzer - INFO - initialize_3ddfa_components:75 - FaceBoxes инициализирован
2025-06-17 18:42:05,447 - face_3d_analyzer - INFO - initialize_3ddfa_components:88 - TDDFA (PyTorch) инициализирован
2025-06-17 18:42:05,448 - face_3d_analyzer - INFO - initialize_3ddfa_components:90 - 3DDFA компоненты успешно инициализированы
2025-06-17 18:42:05,448 - face_3d_analyzer - INFO - __init__:211 - Инициализация Face3DAnalyzer
2025-06-17 18:42:05,448 - face_3d_analyzer - WARNING - _load_reference_model:263 - TDDFA модель не инициализирована или не содержит BFM для загрузки референсной модели.
2025-06-17 18:42:05,448 - core_config - INFO - get_view_configs:320 - Получение конфигураций видов
2025-06-17 18:42:05,448 - core_config - INFO - get_identity_signature_metrics:325 - Получение метрик идентичности
2025-06-17 18:42:05,448 - core_config - INFO - get_identity_signature_metrics:347 - Загружено 15 метрик идентичности
2025-06-17 18:42:05,449 - face_3d_analyzer - INFO - __init__:242 - Face3DAnalyzer инициализирован
2025-06-17 18:42:05,595 - face_3d_analyzer - ERROR - extract_68_landmarks_with_confidence:347 - [extract_68_landmarks] Ошибка извлечения ландмарок: 'list' object has no attribute 'shape'
2025-06-17 18:42:05,596 - embedding_analyzer - INFO - __init__:82 - Инициализация EmbeddingAnalyzer
2025-06-17 18:42:05,596 - embedding_analyzer - INFO - initialize_insightface_model:121 - Начало инициализации InsightFace Buffalo-L
2025-06-17 18:42:46,734 - embedding_analyzer - INFO - initialize_insightface_model:134 - InsightFace Buffalo-L успешно инициализирован
2025-06-17 18:42:46,736 - embedding_analyzer - INFO - __init__:105 - EmbeddingAnalyzer инициализирован
2025-06-17 18:42:46,736 - embedding_analyzer - INFO - extract_512d_face_embedding:160 - Извлечение 512D эмбеддинга из изображения (800, 800, 3)
2025-06-17 18:42:46,736 - embedding_analyzer - ERROR - extract_512d_face_embedding:170 - Ожидается 68 ландмарок, получено 0. Невозможно выполнить align_crop.
2025-06-17 18:42:48,918 - core_config - INFO - <module>:47 - Директория создана/проверена: /Users/victorkhudyakov/nn/3DDFA2/data
2025-06-17 18:42:48,918 - core_config - INFO - <module>:47 - Директория создана/проверена: /Users/victorkhudyakov/nn/3DDFA2/models
2025-06-17 18:42:48,918 - core_config - INFO - <module>:47 - Директория создана/проверена: /Users/victorkhudyakov/nn/3DDFA2/results
2025-06-17 18:42:48,918 - core_config - INFO - <module>:47 - Директория создана/проверена: /Users/victorkhudyakov/nn/3DDFA2/configs
2025-06-17 18:42:48,918 - core_config - INFO - <module>:47 - Директория создана/проверена: /Users/victorkhudyakov/nn/3DDFA2/cache
2025-06-17 18:42:48,918 - core_config - INFO - <module>:47 - Директория создана/проверена: /Users/victorkhudyakov/nn/3DDFA2/logs
2025-06-17 18:42:48,918 - core_config - INFO - <module>:47 - Директория создана/проверена: /Users/victorkhudyakov/nn/3DDFA2/templates
2025-06-17 18:42:48,918 - core_config - INFO - <module>:47 - Директория создана/проверена: /Users/victorkhudyakov/nn/3DDFA2/weights
2025-06-17 18:42:48,918 - core_config - INFO - <module>:72 - Веса аутентичности валидны, сумма: 1.0
2025-06-17 18:42:48,918 - core_config - INFO - <module>:137 - Breakthrough years для технологий масок: [2008, 2014, 2019, 2022]
2025-06-17 18:42:48,919 - core_config - INFO - initialize_config:599 - Инициализация CoreConfig
2025-06-17 18:42:48,919 - core_config - INFO - validate_configuration:375 - Начало валидации конфигурации
2025-06-17 18:42:48,919 - core_config - INFO - get_identity_signature_metrics:325 - Получение метрик идентичности
2025-06-17 18:42:48,919 - core_config - INFO - get_identity_signature_metrics:347 - Загружено 15 метрик идентичности
2025-06-17 18:42:48,919 - core_config - INFO - get_chronological_analysis_parameters:362 - Получение параметров хронологического анализа
2025-06-17 18:42:48,919 - core_config - INFO - validate_configuration:438 - Валидация конфигурации успешно завершена
2025-06-17 18:42:48,919 - core_config - INFO - save_configuration_snapshot:559 - Сохранение снимка конфигурации
2025-06-17 18:42:48,920 - core_config - INFO - save_configuration_snapshot:589 - Снимок конфигурации сохранен: /Users/victorkhudyakov/nn/3DDFA2/configs/config_snapshot_2025-06-17T18-42-48.919475.json
2025-06-17 18:42:48,920 - core_config - INFO - initialize_config:609 - Снимок конфигурации сохранен: /Users/victorkhudyakov/nn/3DDFA2/configs/config_snapshot_2025-06-17T18-42-48.919475.json
2025-06-17 18:42:48,920 - core_config - INFO - initialize_config:611 - CoreConfig успешно инициализирован
2025-06-17 18:42:48,922 - face_3d_analyzer - INFO - <module>:53 - 3DDFA компоненты успешно импортированы
2025-06-17 18:42:49,327 - embedding_analyzer - INFO - <module>:41 - InsightFace успешно импортирован
2025-06-17 18:42:49,327 - embedding_analyzer - INFO - <module>:54 - Конфигурация успешно импортирована
2025-06-17 18:42:49,331 - face_3d_analyzer - INFO - initialize_3ddfa_components:71 - Начало инициализации 3DDFA компонентов
2025-06-17 18:42:49,341 - face_3d_analyzer - INFO - initialize_3ddfa_components:75 - FaceBoxes инициализирован
2025-06-17 18:42:49,381 - face_3d_analyzer - INFO - initialize_3ddfa_components:88 - TDDFA (PyTorch) инициализирован
2025-06-17 18:42:49,381 - face_3d_analyzer - INFO - initialize_3ddfa_components:90 - 3DDFA компоненты успешно инициализированы
2025-06-17 18:42:49,381 - face_3d_analyzer - INFO - __init__:211 - Инициализация Face3DAnalyzer
2025-06-17 18:42:49,381 - face_3d_analyzer - WARNING - _load_reference_model:263 - TDDFA модель не инициализирована или не содержит BFM для загрузки референсной модели.
2025-06-17 18:42:49,381 - core_config - INFO - get_view_configs:320 - Получение конфигураций видов
2025-06-17 18:42:49,381 - core_config - INFO - get_identity_signature_metrics:325 - Получение метрик идентичности
2025-06-17 18:42:49,381 - core_config - INFO - get_identity_signature_metrics:347 - Загружено 15 метрик идентичности
2025-06-17 18:42:49,381 - face_3d_analyzer - INFO - __init__:242 - Face3DAnalyzer инициализирован
2025-06-17 18:42:49,405 - face_3d_analyzer - ERROR - extract_68_landmarks_with_confidence:347 - [extract_68_landmarks] Ошибка извлечения ландмарок: 'list' object has no attribute 'shape'
2025-06-17 18:42:49,406 - embedding_analyzer - INFO - __init__:82 - Инициализация EmbeddingAnalyzer
2025-06-17 18:42:49,406 - embedding_analyzer - INFO - initialize_insightface_model:121 - Начало инициализации InsightFace Buffalo-L
2025-06-17 18:43:30,361 - embedding_analyzer - INFO - initialize_insightface_model:134 - InsightFace Buffalo-L успешно инициализирован
2025-06-17 18:43:30,361 - embedding_analyzer - INFO - __init__:105 - EmbeddingAnalyzer инициализирован
2025-06-17 18:43:30,361 - embedding_analyzer - INFO - extract_512d_face_embedding:160 - Извлечение 512D эмбеддинга из изображения (800, 800, 3)
2025-06-17 18:43:30,361 - embedding_analyzer - ERROR - extract_512d_face_embedding:170 - Ожидается 68 ландмарок, получено 0. Невозможно выполнить align_crop.
2025-06-17 18:52:45,359 - core_config - INFO - <module>:47 - Директория создана/проверена: /Users/victorkhudyakov/nn/3DDFA2/data
2025-06-17 18:52:45,359 - core_config - INFO - <module>:47 - Директория создана/проверена: /Users/victorkhudyakov/nn/3DDFA2/models
2025-06-17 18:52:45,359 - core_config - INFO - <module>:47 - Директория создана/проверена: /Users/victorkhudyakov/nn/3DDFA2/results
2025-06-17 18:52:45,359 - core_config - INFO - <module>:47 - Директория создана/проверена: /Users/victorkhudyakov/nn/3DDFA2/configs
2025-06-17 18:52:45,359 - core_config - INFO - <module>:47 - Директория создана/проверена: /Users/victorkhudyakov/nn/3DDFA2/cache
2025-06-17 18:52:45,359 - core_config - INFO - <module>:47 - Директория создана/проверена: /Users/victorkhudyakov/nn/3DDFA2/logs
2025-06-17 18:52:45,360 - core_config - INFO - <module>:47 - Директория создана/проверена: /Users/victorkhudyakov/nn/3DDFA2/templates
2025-06-17 18:52:45,360 - core_config - INFO - <module>:47 - Директория создана/проверена: /Users/victorkhudyakov/nn/3DDFA2/weights
2025-06-17 18:52:45,360 - core_config - INFO - <module>:72 - Веса аутентичности валидны, сумма: 1.0
2025-06-17 18:52:45,360 - core_config - INFO - <module>:137 - Breakthrough years для технологий масок: [2008, 2014, 2019, 2022]
2025-06-17 18:52:45,360 - core_config - INFO - initialize_config:599 - Инициализация CoreConfig
2025-06-17 18:52:45,360 - core_config - INFO - validate_configuration:375 - Начало валидации конфигурации
2025-06-17 18:52:45,360 - core_config - INFO - get_identity_signature_metrics:325 - Получение метрик идентичности
2025-06-17 18:52:45,360 - core_config - INFO - get_identity_signature_metrics:347 - Загружено 15 метрик идентичности
2025-06-17 18:52:45,360 - core_config - INFO - get_chronological_analysis_parameters:362 - Получение параметров хронологического анализа
2025-06-17 18:52:45,360 - core_config - INFO - validate_configuration:438 - Валидация конфигурации успешно завершена
2025-06-17 18:52:45,360 - core_config - INFO - save_configuration_snapshot:559 - Сохранение снимка конфигурации
2025-06-17 18:52:45,361 - core_config - INFO - save_configuration_snapshot:589 - Снимок конфигурации сохранен: /Users/victorkhudyakov/nn/3DDFA2/configs/config_snapshot_2025-06-17T18-52-45.360854.json
2025-06-17 18:52:45,361 - core_config - INFO - initialize_config:609 - Снимок конфигурации сохранен: /Users/victorkhudyakov/nn/3DDFA2/configs/config_snapshot_2025-06-17T18-52-45.360854.json
2025-06-17 18:52:45,361 - core_config - INFO - initialize_config:611 - CoreConfig успешно инициализирован
2025-06-17 18:52:45,363 - face_3d_analyzer - INFO - <module>:53 - 3DDFA компоненты успешно импортированы
2025-06-17 18:52:45,867 - embedding_analyzer - INFO - <module>:41 - InsightFace успешно импортирован
2025-06-17 18:52:45,867 - embedding_analyzer - INFO - <module>:54 - Конфигурация успешно импортирована
2025-06-17 18:52:45,874 - face_3d_analyzer - INFO - initialize_3ddfa_components:71 - Начало инициализации 3DDFA компонентов
2025-06-17 18:52:45,914 - face_3d_analyzer - INFO - initialize_3ddfa_components:75 - FaceBoxes инициализирован
2025-06-17 18:52:45,982 - face_3d_analyzer - INFO - initialize_3ddfa_components:88 - TDDFA (PyTorch) инициализирован
2025-06-17 18:52:45,983 - face_3d_analyzer - INFO - initialize_3ddfa_components:90 - 3DDFA компоненты успешно инициализированы
2025-06-17 18:52:45,983 - face_3d_analyzer - INFO - __init__:211 - Инициализация Face3DAnalyzer
2025-06-17 18:52:45,983 - face_3d_analyzer - WARNING - _load_reference_model:263 - TDDFA модель не инициализирована или не содержит BFM для загрузки референсной модели.
2025-06-17 18:52:45,983 - core_config - INFO - get_view_configs:320 - Получение конфигураций видов
2025-06-17 18:52:45,983 - core_config - INFO - get_identity_signature_metrics:325 - Получение метрик идентичности
2025-06-17 18:52:45,983 - core_config - INFO - get_identity_signature_metrics:347 - Загружено 15 метрик идентичности
2025-06-17 18:52:45,983 - face_3d_analyzer - INFO - __init__:242 - Face3DAnalyzer инициализирован
2025-06-17 18:52:46,033 - face_3d_analyzer - ERROR - extract_68_landmarks_with_confidence:371 - [extract_68_landmarks] Ошибка извлечения ландмарок: 'list' object has no attribute 'shape'
2025-06-17 18:52:46,034 - embedding_analyzer - INFO - __init__:82 - Инициализация EmbeddingAnalyzer
2025-06-17 18:52:46,034 - embedding_analyzer - INFO - initialize_insightface_model:121 - Начало инициализации InsightFace Buffalo-L
2025-06-17 18:53:28,208 - embedding_analyzer - INFO - initialize_insightface_model:134 - InsightFace Buffalo-L успешно инициализирован
2025-06-17 18:53:28,208 - embedding_analyzer - INFO - __init__:105 - EmbeddingAnalyzer инициализирован
2025-06-17 18:53:28,208 - embedding_analyzer - INFO - extract_512d_face_embedding:160 - Извлечение 512D эмбеддинга из изображения (800, 800, 3)
2025-06-17 18:53:28,208 - embedding_analyzer - ERROR - extract_512d_face_embedding:170 - Ожидается 68 ландмарок, получено 0. Невозможно выполнить align_crop.
2025-06-17 18:53:42,241 - core_config - INFO - <module>:47 - Директория создана/проверена: /Users/victorkhudyakov/nn/3DDFA2/data
2025-06-17 18:53:42,241 - core_config - INFO - <module>:47 - Директория создана/проверена: /Users/victorkhudyakov/nn/3DDFA2/models
2025-06-17 18:53:42,241 - core_config - INFO - <module>:47 - Директория создана/проверена: /Users/victorkhudyakov/nn/3DDFA2/results
2025-06-17 18:53:42,242 - core_config - INFO - <module>:47 - Директория создана/проверена: /Users/victorkhudyakov/nn/3DDFA2/configs
2025-06-17 18:53:42,242 - core_config - INFO - <module>:47 - Директория создана/проверена: /Users/victorkhudyakov/nn/3DDFA2/cache
2025-06-17 18:53:42,242 - core_config - INFO - <module>:47 - Директория создана/проверена: /Users/victorkhudyakov/nn/3DDFA2/logs
2025-06-17 18:53:42,242 - core_config - INFO - <module>:47 - Директория создана/проверена: /Users/victorkhudyakov/nn/3DDFA2/templates
2025-06-17 18:53:42,242 - core_config - INFO - <module>:47 - Директория создана/проверена: /Users/victorkhudyakov/nn/3DDFA2/weights
2025-06-17 18:53:42,242 - core_config - INFO - <module>:72 - Веса аутентичности валидны, сумма: 1.0
2025-06-17 18:53:42,242 - core_config - INFO - <module>:137 - Breakthrough years для технологий масок: [2008, 2014, 2019, 2022]
2025-06-17 18:53:42,242 - core_config - INFO - initialize_config:599 - Инициализация CoreConfig
2025-06-17 18:53:42,242 - core_config - INFO - validate_configuration:375 - Начало валидации конфигурации
2025-06-17 18:53:42,242 - core_config - INFO - get_identity_signature_metrics:325 - Получение метрик идентичности
2025-06-17 18:53:42,242 - core_config - INFO - get_identity_signature_metrics:347 - Загружено 15 метрик идентичности
2025-06-17 18:53:42,242 - core_config - INFO - get_chronological_analysis_parameters:362 - Получение параметров хронологического анализа
2025-06-17 18:53:42,242 - core_config - INFO - validate_configuration:438 - Валидация конфигурации успешно завершена
2025-06-17 18:53:42,242 - core_config - INFO - save_configuration_snapshot:559 - Сохранение снимка конфигурации
2025-06-17 18:53:42,243 - core_config - INFO - save_configuration_snapshot:589 - Снимок конфигурации сохранен: /Users/victorkhudyakov/nn/3DDFA2/configs/config_snapshot_2025-06-17T18-53-42.242873.json
2025-06-17 18:53:42,243 - core_config - INFO - initialize_config:609 - Снимок конфигурации сохранен: /Users/victorkhudyakov/nn/3DDFA2/configs/config_snapshot_2025-06-17T18-53-42.242873.json
2025-06-17 18:53:42,243 - core_config - INFO - initialize_config:611 - CoreConfig успешно инициализирован
2025-06-17 18:53:42,245 - face_3d_analyzer - INFO - <module>:53 - 3DDFA компоненты успешно импортированы
2025-06-17 18:53:42,671 - embedding_analyzer - INFO - <module>:41 - InsightFace успешно импортирован
2025-06-17 18:53:42,671 - embedding_analyzer - INFO - <module>:54 - Конфигурация успешно импортирована
2025-06-17 18:53:42,675 - face_3d_analyzer - INFO - initialize_3ddfa_components:71 - Начало инициализации 3DDFA компонентов
2025-06-17 18:53:42,684 - face_3d_analyzer - INFO - initialize_3ddfa_components:75 - FaceBoxes инициализирован
2025-06-17 18:53:42,725 - face_3d_analyzer - INFO - initialize_3ddfa_components:88 - TDDFA (PyTorch) инициализирован
2025-06-17 18:53:42,726 - face_3d_analyzer - INFO - initialize_3ddfa_components:90 - 3DDFA компоненты успешно инициализированы
2025-06-17 18:53:42,726 - face_3d_analyzer - INFO - __init__:211 - Инициализация Face3DAnalyzer
2025-06-17 18:53:42,726 - face_3d_analyzer - WARNING - _load_reference_model:263 - TDDFA модель не инициализирована или не содержит BFM для загрузки референсной модели.
2025-06-17 18:53:42,726 - core_config - INFO - get_view_configs:320 - Получение конфигураций видов
2025-06-17 18:53:42,726 - core_config - INFO - get_identity_signature_metrics:325 - Получение метрик идентичности
2025-06-17 18:53:42,726 - core_config - INFO - get_identity_signature_metrics:347 - Загружено 15 метрик идентичности
2025-06-17 18:53:42,726 - face_3d_analyzer - INFO - __init__:242 - Face3DAnalyzer инициализирован
2025-06-17 18:53:42,750 - face_3d_analyzer - ERROR - extract_68_landmarks_with_confidence:371 - [extract_68_landmarks] Ошибка извлечения ландмарок: 'list' object has no attribute 'shape'
2025-06-17 18:53:42,751 - embedding_analyzer - INFO - __init__:82 - Инициализация EmbeddingAnalyzer
2025-06-17 18:53:42,751 - embedding_analyzer - INFO - initialize_insightface_model:121 - Начало инициализации InsightFace Buffalo-L
2025-06-17 18:54:22,560 - embedding_analyzer - INFO - initialize_insightface_model:134 - InsightFace Buffalo-L успешно инициализирован
2025-06-17 18:54:22,562 - embedding_analyzer - INFO - __init__:105 - EmbeddingAnalyzer инициализирован
2025-06-17 18:54:22,562 - embedding_analyzer - INFO - extract_512d_face_embedding:160 - Извлечение 512D эмбеддинга из изображения (800, 800, 3)
2025-06-17 18:54:22,562 - embedding_analyzer - ERROR - extract_512d_face_embedding:170 - Ожидается 68 ландмарок, получено 0. Невозможно выполнить align_crop.
2025-06-17 18:55:04,266 - core_config - INFO - <module>:47 - Директория создана/проверена: /Users/victorkhudyakov/nn/3DDFA2/data
2025-06-17 18:55:04,266 - core_config - INFO - <module>:47 - Директория создана/проверена: /Users/victorkhudyakov/nn/3DDFA2/models
2025-06-17 18:55:04,266 - core_config - INFO - <module>:47 - Директория создана/проверена: /Users/victorkhudyakov/nn/3DDFA2/results
2025-06-17 18:55:04,266 - core_config - INFO - <module>:47 - Директория создана/проверена: /Users/victorkhudyakov/nn/3DDFA2/configs
2025-06-17 18:55:04,266 - core_config - INFO - <module>:47 - Директория создана/проверена: /Users/victorkhudyakov/nn/3DDFA2/cache
2025-06-17 18:55:04,266 - core_config - INFO - <module>:47 - Директория создана/проверена: /Users/victorkhudyakov/nn/3DDFA2/logs
2025-06-17 18:55:04,266 - core_config - INFO - <module>:47 - Директория создана/проверена: /Users/victorkhudyakov/nn/3DDFA2/templates
2025-06-17 18:55:04,266 - core_config - INFO - <module>:47 - Директория создана/проверена: /Users/victorkhudyakov/nn/3DDFA2/weights
2025-06-17 18:55:04,266 - core_config - INFO - <module>:72 - Веса аутентичности валидны, сумма: 1.0
2025-06-17 18:55:04,266 - core_config - INFO - <module>:137 - Breakthrough years для технологий масок: [2008, 2014, 2019, 2022]
2025-06-17 18:55:04,267 - core_config - INFO - initialize_config:599 - Инициализация CoreConfig
2025-06-17 18:55:04,267 - core_config - INFO - validate_configuration:375 - Начало валидации конфигурации
2025-06-17 18:55:04,267 - core_config - INFO - get_identity_signature_metrics:325 - Получение метрик идентичности
2025-06-17 18:55:04,267 - core_config - INFO - get_identity_signature_metrics:347 - Загружено 15 метрик идентичности
2025-06-17 18:55:04,267 - core_config - INFO - get_chronological_analysis_parameters:362 - Получение параметров хронологического анализа
2025-06-17 18:55:04,267 - core_config - INFO - validate_configuration:438 - Валидация конфигурации успешно завершена
2025-06-17 18:55:04,267 - core_config - INFO - save_configuration_snapshot:559 - Сохранение снимка конфигурации
2025-06-17 18:55:04,267 - core_config - INFO - save_configuration_snapshot:589 - Снимок конфигурации сохранен: /Users/victorkhudyakov/nn/3DDFA2/configs/config_snapshot_2025-06-17T18-55-04.267321.json
2025-06-17 18:55:04,267 - core_config - INFO - initialize_config:609 - Снимок конфигурации сохранен: /Users/victorkhudyakov/nn/3DDFA2/configs/config_snapshot_2025-06-17T18-55-04.267321.json
2025-06-17 18:55:04,267 - core_config - INFO - initialize_config:611 - CoreConfig успешно инициализирован
2025-06-17 18:55:04,270 - face_3d_analyzer - INFO - <module>:53 - 3DDFA компоненты успешно импортированы
2025-06-17 18:55:04,751 - embedding_analyzer - INFO - <module>:41 - InsightFace успешно импортирован
2025-06-17 18:55:04,751 - embedding_analyzer - INFO - <module>:54 - Конфигурация успешно импортирована
2025-06-17 18:55:04,756 - face_3d_analyzer - INFO - initialize_3ddfa_components:71 - Начало инициализации 3DDFA компонентов
2025-06-17 18:55:04,767 - face_3d_analyzer - INFO - initialize_3ddfa_components:75 - FaceBoxes инициализирован
2025-06-17 18:55:04,823 - face_3d_analyzer - INFO - initialize_3ddfa_components:88 - TDDFA (PyTorch) инициализирован
2025-06-17 18:55:04,823 - face_3d_analyzer - INFO - initialize_3ddfa_components:90 - 3DDFA компоненты успешно инициализированы
2025-06-17 18:55:04,823 - face_3d_analyzer - INFO - __init__:211 - Инициализация Face3DAnalyzer
2025-06-17 18:55:04,823 - face_3d_analyzer - WARNING - _load_reference_model:263 - TDDFA модель не инициализирована или не содержит BFM для загрузки референсной модели.
2025-06-17 18:55:04,823 - core_config - INFO - get_view_configs:320 - Получение конфигураций видов
2025-06-17 18:55:04,823 - core_config - INFO - get_identity_signature_metrics:325 - Получение метрик идентичности
2025-06-17 18:55:04,823 - core_config - INFO - get_identity_signature_metrics:347 - Загружено 15 метрик идентичности
2025-06-17 18:55:04,823 - face_3d_analyzer - INFO - __init__:242 - Face3DAnalyzer инициализирован
2025-06-17 18:55:04,849 - face_3d_analyzer - ERROR - extract_68_landmarks_with_confidence:371 - [extract_68_landmarks] Ошибка извлечения ландмарок: 'list' object has no attribute 'shape'
2025-06-17 18:55:04,850 - embedding_analyzer - INFO - __init__:82 - Инициализация EmbeddingAnalyzer
2025-06-17 18:55:04,850 - embedding_analyzer - INFO - initialize_insightface_model:121 - Начало инициализации InsightFace Buffalo-L
2025-06-17 18:55:46,941 - embedding_analyzer - INFO - initialize_insightface_model:134 - InsightFace Buffalo-L успешно инициализирован
2025-06-17 18:55:46,943 - embedding_analyzer - INFO - __init__:105 - EmbeddingAnalyzer инициализирован
2025-06-17 18:55:46,943 - embedding_analyzer - INFO - extract_512d_face_embedding:160 - Извлечение 512D эмбеддинга из изображения (800, 800, 3)
2025-06-17 18:55:46,943 - embedding_analyzer - ERROR - extract_512d_face_embedding:170 - Ожидается 68 ландмарок, получено 0. Невозможно выполнить align_crop.
2025-06-17 19:26:44,852 - core_config - INFO - <module>:47 - Директория создана/проверена: /Users/victorkhudyakov/nn/3DDFA2/data
2025-06-17 19:26:44,852 - core_config - INFO - <module>:47 - Директория создана/проверена: /Users/victorkhudyakov/nn/3DDFA2/models
2025-06-17 19:26:44,852 - core_config - INFO - <module>:47 - Директория создана/проверена: /Users/victorkhudyakov/nn/3DDFA2/results
2025-06-17 19:26:44,853 - core_config - INFO - <module>:47 - Директория создана/проверена: /Users/victorkhudyakov/nn/3DDFA2/configs
2025-06-17 19:26:44,853 - core_config - INFO - <module>:47 - Директория создана/проверена: /Users/victorkhudyakov/nn/3DDFA2/cache
2025-06-17 19:26:44,853 - core_config - INFO - <module>:47 - Директория создана/проверена: /Users/victorkhudyakov/nn/3DDFA2/logs
2025-06-17 19:26:44,853 - core_config - INFO - <module>:47 - Директория создана/проверена: /Users/victorkhudyakov/nn/3DDFA2/templates
2025-06-17 19:26:44,853 - core_config - INFO - <module>:47 - Директория создана/проверена: /Users/victorkhudyakov/nn/3DDFA2/weights
2025-06-17 19:26:44,853 - core_config - INFO - <module>:72 - Веса аутентичности валидны, сумма: 1.0
2025-06-17 19:26:44,853 - core_config - INFO - <module>:137 - Breakthrough years для технологий масок: [2008, 2014, 2019, 2022]
2025-06-17 19:26:44,853 - core_config - INFO - initialize_config:599 - Инициализация CoreConfig
2025-06-17 19:26:44,853 - core_config - INFO - validate_configuration:375 - Начало валидации конфигурации
2025-06-17 19:26:44,853 - core_config - INFO - get_identity_signature_metrics:325 - Получение метрик идентичности
2025-06-17 19:26:44,853 - core_config - INFO - get_identity_signature_metrics:347 - Загружено 15 метрик идентичности
2025-06-17 19:26:44,853 - core_config - INFO - get_chronological_analysis_parameters:362 - Получение параметров хронологического анализа
2025-06-17 19:26:44,853 - core_config - INFO - validate_configuration:438 - Валидация конфигурации успешно завершена
2025-06-17 19:26:44,853 - core_config - INFO - save_configuration_snapshot:559 - Сохранение снимка конфигурации
2025-06-17 19:26:44,854 - core_config - INFO - save_configuration_snapshot:589 - Снимок конфигурации сохранен: /Users/victorkhudyakov/nn/3DDFA2/configs/config_snapshot_2025-06-17T19-26-44.853841.json
2025-06-17 19:26:44,854 - core_config - INFO - initialize_config:609 - Снимок конфигурации сохранен: /Users/victorkhudyakov/nn/3DDFA2/configs/config_snapshot_2025-06-17T19-26-44.853841.json
2025-06-17 19:26:44,854 - core_config - INFO - initialize_config:611 - CoreConfig успешно инициализирован
2025-06-17 19:26:44,857 - face_3d_analyzer - INFO - <module>:53 - 3DDFA компоненты успешно импортированы
2025-06-17 19:26:44,867 - face_3d_analyzer - INFO - initialize_3ddfa_components:71 - Начало инициализации 3DDFA компонентов
2025-06-17 19:26:44,903 - face_3d_analyzer - INFO - initialize_3ddfa_components:75 - FaceBoxes инициализирован
2025-06-17 19:26:44,964 - face_3d_analyzer - INFO - initialize_3ddfa_components:88 - TDDFA (PyTorch) инициализирован
2025-06-17 19:26:44,964 - face_3d_analyzer - INFO - initialize_3ddfa_components:90 - 3DDFA компоненты успешно инициализированы
2025-06-17 19:26:44,964 - face_3d_analyzer - INFO - __init__:211 - Инициализация Face3DAnalyzer
2025-06-17 19:26:44,964 - face_3d_analyzer - WARNING - _load_reference_model:263 - TDDFA модель не инициализирована или не содержит BFM для загрузки референсной модели.
2025-06-17 19:26:44,964 - core_config - INFO - get_view_configs:320 - Получение конфигураций видов
2025-06-17 19:26:44,964 - core_config - INFO - get_identity_signature_metrics:325 - Получение метрик идентичности
2025-06-17 19:26:44,964 - core_config - INFO - get_identity_signature_metrics:347 - Загружено 15 метрик идентичности
2025-06-17 19:26:44,964 - face_3d_analyzer - INFO - __init__:242 - Face3DAnalyzer инициализирован
2025-06-17 19:26:45,012 - face_3d_analyzer - ERROR - extract_68_landmarks_with_confidence:341 - [extract_68_landmarks] Ошибка извлечения ландмарок: 'list' object has no attribute 'shape'
2025-06-17 19:26:45,513 - embedding_analyzer - INFO - <module>:41 - InsightFace успешно импортирован
2025-06-17 19:26:45,513 - embedding_analyzer - INFO - <module>:54 - Конфигурация успешно импортирована
2025-06-17 19:26:45,513 - embedding_analyzer - INFO - __init__:82 - Инициализация EmbeddingAnalyzer
2025-06-17 19:26:45,513 - embedding_analyzer - INFO - initialize_insightface_model:121 - Начало инициализации InsightFace Buffalo-L
2025-06-17 19:27:25,379 - embedding_analyzer - INFO - initialize_insightface_model:134 - InsightFace Buffalo-L успешно инициализирован
2025-06-17 19:27:25,379 - embedding_analyzer - INFO - __init__:105 - EmbeddingAnalyzer инициализирован
2025-06-17 19:27:25,379 - embedding_analyzer - INFO - extract_512d_face_embedding:160 - Извлечение 512D эмбеддинга из изображения (800, 800, 3)
2025-06-17 19:27:25,379 - embedding_analyzer - ERROR - extract_512d_face_embedding:170 - Ожидается 68 ландмарок, получено 0. Невозможно выполнить align_crop.
2025-06-17 19:27:25,385 - face_3d_analyzer - INFO - initialize_3ddfa_components:71 - Начало инициализации 3DDFA компонентов
2025-06-17 19:27:25,394 - face_3d_analyzer - INFO - initialize_3ddfa_components:75 - FaceBoxes инициализирован
2025-06-17 19:27:25,434 - face_3d_analyzer - INFO - initialize_3ddfa_components:88 - TDDFA (PyTorch) инициализирован
2025-06-17 19:27:25,434 - face_3d_analyzer - INFO - initialize_3ddfa_components:90 - 3DDFA компоненты успешно инициализированы
2025-06-17 19:27:25,434 - face_3d_analyzer - INFO - __init__:211 - Инициализация Face3DAnalyzer
2025-06-17 19:27:25,434 - face_3d_analyzer - WARNING - _load_reference_model:263 - TDDFA модель не инициализирована или не содержит BFM для загрузки референсной модели.
2025-06-17 19:27:25,434 - core_config - INFO - get_view_configs:320 - Получение конфигураций видов
2025-06-17 19:27:25,434 - core_config - INFO - get_identity_signature_metrics:325 - Получение метрик идентичности
2025-06-17 19:27:25,434 - core_config - INFO - get_identity_signature_metrics:347 - Загружено 15 метрик идентичности
2025-06-17 19:27:25,434 - face_3d_analyzer - INFO - __init__:242 - Face3DAnalyzer инициализирован
2025-06-17 19:27:25,458 - face_3d_analyzer - ERROR - extract_68_landmarks_with_confidence:341 - [extract_68_landmarks] Ошибка извлечения ландмарок: 'list' object has no attribute 'shape'
2025-06-17 19:27:25,459 - embedding_analyzer - INFO - __init__:82 - Инициализация EmbeddingAnalyzer
2025-06-17 19:27:25,459 - embedding_analyzer - INFO - initialize_insightface_model:121 - Начало инициализации InsightFace Buffalo-L
2025-06-17 19:28:05,639 - embedding_analyzer - INFO - initialize_insightface_model:134 - InsightFace Buffalo-L успешно инициализирован
2025-06-17 19:28:05,642 - embedding_analyzer - INFO - __init__:105 - EmbeddingAnalyzer инициализирован
2025-06-17 19:28:05,642 - embedding_analyzer - INFO - extract_512d_face_embedding:160 - Извлечение 512D эмбеддинга из изображения (800, 800, 3)
2025-06-17 19:28:05,642 - embedding_analyzer - ERROR - extract_512d_face_embedding:170 - Ожидается 68 ландмарок, получено 0. Невозможно выполнить align_crop.
2025-06-17 19:30:52,252 - core_config - INFO - <module>:47 - Директория создана/проверена: /Users/victorkhudyakov/nn/3DDFA2/data
2025-06-17 19:30:52,252 - core_config - INFO - <module>:47 - Директория создана/проверена: /Users/victorkhudyakov/nn/3DDFA2/models
2025-06-17 19:30:52,252 - core_config - INFO - <module>:47 - Директория создана/проверена: /Users/victorkhudyakov/nn/3DDFA2/results
2025-06-17 19:30:52,252 - core_config - INFO - <module>:47 - Директория создана/проверена: /Users/victorkhudyakov/nn/3DDFA2/configs
2025-06-17 19:30:52,252 - core_config - INFO - <module>:47 - Директория создана/проверена: /Users/victorkhudyakov/nn/3DDFA2/cache
2025-06-17 19:30:52,252 - core_config - INFO - <module>:47 - Директория создана/проверена: /Users/victorkhudyakov/nn/3DDFA2/logs
2025-06-17 19:30:52,252 - core_config - INFO - <module>:47 - Директория создана/проверена: /Users/victorkhudyakov/nn/3DDFA2/templates
2025-06-17 19:30:52,252 - core_config - INFO - <module>:47 - Директория создана/проверена: /Users/victorkhudyakov/nn/3DDFA2/weights
2025-06-17 19:30:52,252 - core_config - INFO - <module>:72 - Веса аутентичности валидны, сумма: 1.0
2025-06-17 19:30:52,252 - core_config - INFO - <module>:137 - Breakthrough years для технологий масок: [2008, 2014, 2019, 2022]
2025-06-17 19:30:52,253 - core_config - INFO - initialize_config:599 - Инициализация CoreConfig
2025-06-17 19:30:52,253 - core_config - INFO - validate_configuration:375 - Начало валидации конфигурации
2025-06-17 19:30:52,253 - core_config - INFO - get_identity_signature_metrics:325 - Получение метрик идентичности
2025-06-17 19:30:52,253 - core_config - INFO - get_identity_signature_metrics:347 - Загружено 15 метрик идентичности
2025-06-17 19:30:52,253 - core_config - INFO - get_chronological_analysis_parameters:362 - Получение параметров хронологического анализа
2025-06-17 19:30:52,253 - core_config - INFO - validate_configuration:438 - Валидация конфигурации успешно завершена
2025-06-17 19:30:52,253 - core_config - INFO - save_configuration_snapshot:559 - Сохранение снимка конфигурации
2025-06-17 19:30:52,253 - core_config - INFO - save_configuration_snapshot:589 - Снимок конфигурации сохранен: /Users/victorkhudyakov/nn/3DDFA2/configs/config_snapshot_2025-06-17T19-30-52.253434.json
2025-06-17 19:30:52,253 - core_config - INFO - initialize_config:609 - Снимок конфигурации сохранен: /Users/victorkhudyakov/nn/3DDFA2/configs/config_snapshot_2025-06-17T19-30-52.253434.json
2025-06-17 19:30:52,253 - core_config - INFO - initialize_config:611 - CoreConfig успешно инициализирован
2025-06-17 19:30:52,256 - face_3d_analyzer - INFO - <module>:53 - 3DDFA компоненты успешно импортированы
2025-06-17 19:30:52,265 - face_3d_analyzer - INFO - initialize_3ddfa_components:71 - Начало инициализации 3DDFA компонентов
2025-06-17 19:30:52,300 - face_3d_analyzer - INFO - initialize_3ddfa_components:75 - FaceBoxes инициализирован
2025-06-17 19:30:52,353 - face_3d_analyzer - INFO - initialize_3ddfa_components:88 - TDDFA (PyTorch) инициализирован
2025-06-17 19:30:52,353 - face_3d_analyzer - INFO - initialize_3ddfa_components:90 - 3DDFA компоненты успешно инициализированы
2025-06-17 19:30:52,353 - face_3d_analyzer - INFO - __init__:211 - Инициализация Face3DAnalyzer
2025-06-17 19:30:52,353 - face_3d_analyzer - WARNING - _load_reference_model:263 - TDDFA модель не инициализирована или не содержит BFM для загрузки референсной модели.
2025-06-17 19:30:52,353 - core_config - INFO - get_view_configs:320 - Получение конфигураций видов
2025-06-17 19:30:52,353 - core_config - INFO - get_identity_signature_metrics:325 - Получение метрик идентичности
2025-06-17 19:30:52,353 - core_config - INFO - get_identity_signature_metrics:347 - Загружено 15 метрик идентичности
2025-06-17 19:30:52,354 - face_3d_analyzer - INFO - __init__:242 - Face3DAnalyzer инициализирован
2025-06-17 19:30:52,409 - face_3d_analyzer - ERROR - extract_68_landmarks_with_confidence:355 - [extract_68_landmarks] Ошибка извлечения ландмарок: 'list' object has no attribute 'shape'
2025-06-17 19:30:52,968 - embedding_analyzer - INFO - <module>:41 - InsightFace успешно импортирован
2025-06-17 19:30:52,968 - embedding_analyzer - INFO - <module>:54 - Конфигурация успешно импортирована
2025-06-17 19:30:52,968 - embedding_analyzer - INFO - __init__:82 - Инициализация EmbeddingAnalyzer
2025-06-17 19:30:52,968 - embedding_analyzer - INFO - initialize_insightface_model:121 - Начало инициализации InsightFace Buffalo-L
2025-06-17 19:31:32,258 - embedding_analyzer - INFO - initialize_insightface_model:134 - InsightFace Buffalo-L успешно инициализирован
2025-06-17 19:31:32,259 - embedding_analyzer - INFO - __init__:105 - EmbeddingAnalyzer инициализирован
2025-06-17 19:31:32,259 - embedding_analyzer - INFO - extract_512d_face_embedding:160 - Извлечение 512D эмбеддинга из изображения (800, 800, 3)
2025-06-17 19:31:32,260 - embedding_analyzer - ERROR - extract_512d_face_embedding:170 - Ожидается 68 ландмарок, получено 0. Невозможно выполнить align_crop.
2025-06-17 19:31:32,264 - face_3d_analyzer - INFO - initialize_3ddfa_components:71 - Начало инициализации 3DDFA компонентов
2025-06-17 19:31:32,273 - face_3d_analyzer - INFO - initialize_3ddfa_components:75 - FaceBoxes инициализирован
2025-06-17 19:31:32,314 - face_3d_analyzer - INFO - initialize_3ddfa_components:88 - TDDFA (PyTorch) инициализирован
2025-06-17 19:31:32,314 - face_3d_analyzer - INFO - initialize_3ddfa_components:90 - 3DDFA компоненты успешно инициализированы
2025-06-17 19:31:32,314 - face_3d_analyzer - INFO - __init__:211 - Инициализация Face3DAnalyzer
2025-06-17 19:31:32,314 - face_3d_analyzer - WARNING - _load_reference_model:263 - TDDFA модель не инициализирована или не содержит BFM для загрузки референсной модели.
2025-06-17 19:31:32,314 - core_config - INFO - get_view_configs:320 - Получение конфигураций видов
2025-06-17 19:31:32,314 - core_config - INFO - get_identity_signature_metrics:325 - Получение метрик идентичности
2025-06-17 19:31:32,314 - core_config - INFO - get_identity_signature_metrics:347 - Загружено 15 метрик идентичности
2025-06-17 19:31:32,314 - face_3d_analyzer - INFO - __init__:242 - Face3DAnalyzer инициализирован
2025-06-17 19:31:32,337 - face_3d_analyzer - ERROR - extract_68_landmarks_with_confidence:355 - [extract_68_landmarks] Ошибка извлечения ландмарок: 'list' object has no attribute 'shape'
2025-06-17 19:31:32,337 - embedding_analyzer - INFO - __init__:82 - Инициализация EmbeddingAnalyzer
2025-06-17 19:31:32,338 - embedding_analyzer - INFO - initialize_insightface_model:121 - Начало инициализации InsightFace Buffalo-L
2025-06-17 19:32:11,661 - embedding_analyzer - INFO - initialize_insightface_model:134 - InsightFace Buffalo-L успешно инициализирован
2025-06-17 19:32:11,663 - embedding_analyzer - INFO - __init__:105 - EmbeddingAnalyzer инициализирован
2025-06-17 19:32:11,663 - embedding_analyzer - INFO - extract_512d_face_embedding:160 - Извлечение 512D эмбеддинга из изображения (800, 800, 3)
2025-06-17 19:32:11,663 - embedding_analyzer - ERROR - extract_512d_face_embedding:170 - Ожидается 68 ландмарок, получено 0. Невозможно выполнить align_crop.
